# JRE version: OpenJDK Runtime Environment Temurin-21.0.8+9 (21.0.8+9) (build 21.0.8+9-LTS)
# Java VM: OpenJDK 64-Bit Server VM Temurin-21.0.8+9 (21.0.8+9-LTS, mixed mode, sharing, tiered, compressed oops, compressed class ptrs, parallel gc, windows-amd64)
GC Precious Log:
 CardTable entry size: 512
 CPUs: 4 total, 4 available
 Memory: 3899M
 Large Page Support: Disabled
 NUMA Support: Disabled
 Compressed Oops: Enabled (32-bit)
 Alignments: Space 512K, Generation 512K, Heap 2M
 Heap Min Capacity: 100M
 Heap Initial Capacity: 100M
 Heap Max Capacity: 2G
 Pre-touch: Disabled
 Parallel Workers: 4
Heap:
 PSYoungGen      total 3584K, used 1771K [0x00000000d5580000, 0x00000000d5c00000, 0x0000000100000000)
  eden space 3072K, 54% used [0x00000000d5580000,0x00000000d5722cf0,0x00000000d5880000)
  from space 512K, 18% used [0x00000000d5b80000,0x00000000d5b98000,0x00000000d5c00000)
  to   space 512K, 0% used [0x00000000d5b00000,0x00000000d5b00000,0x00000000d5b80000)
 ParOldGen       total 1163264K, used 1163173K [0x0000000080000000, 0x00000000c7000000, 0x00000000d5580000)
  object space 1163264K, 99% used [0x0000000080000000,0x00000000c6fe94f0,0x00000000c7000000)
 Metaspace       used 74367K, committed 75968K, reserved 1179648K
  class space    used 7866K, committed 8576K, reserved 1048576K
GC Heap History (20 events):
Event: 1662.381 GC heap before
{Heap before GC invocations=1734 (full 3):
 PSYoungGen      total 2560K, used 2356K [0x00000000d5580000, 0x00000000d5980000, 0x0000000100000000)
  eden space 1536K, 100% used [0x00000000d5580000,0x00000000d5700000,0x00000000d5700000)
  from space 1024K, 80% used [0x00000000d5880000,0x00000000d594d0f0,0x00000000d5980000)
  to   space 1024K, 0% used [0x00000000d5780000,0x00000000d5780000,0x00000000d5880000)
 ParOldGen       total 1153024K, used 1152611K [0x0000000080000000, 0x00000000c6600000, 0x00000000d5580000)
  object space 1153024K, 99% used [0x0000000080000000,0x00000000c6598f08,0x00000000c6600000)
 Metaspace       used 74218K, committed 75776K, reserved 1179648K
  class space    used 7857K, committed 8576K, reserved 1048576K
}
Event: 1662.396 GC heap after
{Heap after GC invocations=1734 (full 3):
 PSYoungGen      total 3072K, used 1024K [0x00000000d5580000, 0x00000000d5c80000, 0x0000000100000000)
  eden space 2048K, 0% used [0x00000000d5580000,0x00000000d5580000,0x00000000d5780000)
  from space 1024K, 100% used [0x00000000d5780000,0x00000000d5880000,0x00000000d5880000)
  to   space 2560K, 0% used [0x00000000d5a00000,0x00000000d5a00000,0x00000000d5c80000)
 ParOldGen       total 1154048K, used 1153596K [0x0000000080000000, 0x00000000c6700000, 0x00000000d5580000)
  object space 1154048K, 99% used [0x0000000080000000,0x00000000c668f008,0x00000000c6700000)
 Metaspace       used 74218K, committed 75776K, reserved 1179648K
  class space    used 7857K, committed 8576K, reserved 1048576K
}
Event: 1662.498 GC heap before
{Heap before GC invocations=1735 (full 3):
 PSYoungGen      total 3072K, used 3072K [0x00000000d5580000, 0x00000000d5c80000, 0x0000000100000000)
  eden space 2048K, 100% used [0x00000000d5580000,0x00000000d5780000,0x00000000d5780000)
  from space 1024K, 100% used [0x00000000d5780000,0x00000000d5880000,0x00000000d5880000)
  to   space 2560K, 0% used [0x00000000d5a00000,0x00000000d5a00000,0x00000000d5c80000)
 ParOldGen       total 1154048K, used 1153596K [0x0000000080000000, 0x00000000c6700000, 0x00000000d5580000)
  object space 1154048K, 99% used [0x0000000080000000,0x00000000c668f008,0x00000000c6700000)
 Metaspace       used 74222K, committed 75776K, reserved 1179648K
  class space    used 7858K, committed 8576K, reserved 1048576K
}
Event: 1662.513 GC heap after
{Heap after GC invocations=1735 (full 3):
 PSYoungGen      total 4096K, used 1920K [0x00000000d5580000, 0x00000000d5c00000, 0x0000000100000000)
  eden space 2048K, 0% used [0x00000000d5580000,0x00000000d5580000,0x00000000d5780000)
  from space 2048K, 93% used [0x00000000d5a00000,0x00000000d5be0000,0x00000000d5c00000)
  to   space 2048K, 0% used [0x00000000d5800000,0x00000000d5800000,0x00000000d5a00000)
 ParOldGen       total 1155072K, used 1154646K [0x0000000080000000, 0x00000000c6800000, 0x00000000d5580000)
  object space 1155072K, 99% used [0x0000000080000000,0x00000000c67959a8,0x00000000c6800000)
 Metaspace       used 74222K, committed 75776K, reserved 1179648K
  class space    used 7858K, committed 8576K, reserved 1048576K
}
Event: 1662.535 GC heap before
{Heap before GC invocations=1736 (full 3):
 PSYoungGen      total 4096K, used 3968K [0x00000000d5580000, 0x00000000d5c00000, 0x0000000100000000)
  eden space 2048K, 100% used [0x00000000d5580000,0x00000000d5780000,0x00000000d5780000)
  from space 2048K, 93% used [0x00000000d5a00000,0x00000000d5be0000,0x00000000d5c00000)
  to   space 2048K, 0% used [0x00000000d5800000,0x00000000d5800000,0x00000000d5a00000)
 ParOldGen       total 1155072K, used 1154646K [0x0000000080000000, 0x00000000c6800000, 0x00000000d5580000)
  object space 1155072K, 99% used [0x0000000080000000,0x00000000c67959a8,0x00000000c6800000)
 Metaspace       used 74222K, committed 75776K, reserved 1179648K
  class space    used 7858K, committed 8576K, reserved 1048576K
}
Event: 1662.550 GC heap after
{Heap after GC invocations=1736 (full 3):
 PSYoungGen      total 4608K, used 2034K [0x00000000d5580000, 0x00000000d6100000, 0x0000000100000000)
  eden space 2560K, 0% used [0x00000000d5580000,0x00000000d5580000,0x00000000d5800000)
  from space 2048K, 99% used [0x00000000d5800000,0x00000000d59fc9a0,0x00000000d5a00000)
  to   space 4608K, 0% used [0x00000000d5c80000,0x00000000d5c80000,0x00000000d6100000)
 ParOldGen       total 1156608K, used 1156519K [0x0000000080000000, 0x00000000c6980000, 0x00000000d5580000)
  object space 1156608K, 99% used [0x0000000080000000,0x00000000c6969fb8,0x00000000c6980000)
 Metaspace       used 74222K, committed 75776K, reserved 1179648K
  class space    used 7858K, committed 8576K, reserved 1048576K
}
Event: 1662.642 GC heap before
{Heap before GC invocations=1737 (full 3):
 PSYoungGen      total 4608K, used 4594K [0x00000000d5580000, 0x00000000d6100000, 0x0000000100000000)
  eden space 2560K, 100% used [0x00000000d5580000,0x00000000d5800000,0x00000000d5800000)
  from space 2048K, 99% used [0x00000000d5800000,0x00000000d59fc9a0,0x00000000d5a00000)
  to   space 4608K, 0% used [0x00000000d5c80000,0x00000000d5c80000,0x00000000d6100000)
 ParOldGen       total 1156608K, used 1156519K [0x0000000080000000, 0x00000000c6980000, 0x00000000d5580000)
  object space 1156608K, 99% used [0x0000000080000000,0x00000000c6969fb8,0x00000000c6980000)
 Metaspace       used 74228K, committed 75776K, reserved 1179648K
  class space    used 7860K, committed 8576K, reserved 1048576K
}
Event: 1662.656 GC heap after
{Heap after GC invocations=1737 (full 3):
 PSYoungGen      total 5632K, used 2336K [0x00000000d5580000, 0x00000000d5f00000, 0x0000000100000000)
  eden space 3072K, 0% used [0x00000000d5580000,0x00000000d5580000,0x00000000d5880000)
  from space 2560K, 91% used [0x00000000d5c80000,0x00000000d5ec8000,0x00000000d5f00000)
  to   space 3072K, 0% used [0x00000000d5900000,0x00000000d5900000,0x00000000d5c00000)
 ParOldGen       total 1158656K, used 1158506K [0x0000000080000000, 0x00000000c6b80000, 0x00000000d5580000)
  object space 1158656K, 99% used [0x0000000080000000,0x00000000c6b5a958,0x00000000c6b80000)
 Metaspace       used 74228K, committed 75776K, reserved 1179648K
  class space    used 7860K, committed 8576K, reserved 1048576K
}
Event: 1662.960 GC heap before
{Heap before GC invocations=1738 (full 3):
 PSYoungGen      total 5632K, used 5407K [0x00000000d5580000, 0x00000000d5f00000, 0x0000000100000000)
  eden space 3072K, 99% used [0x00000000d5580000,0x00000000d587ffe8,0x00000000d5880000)
  from space 2560K, 91% used [0x00000000d5c80000,0x00000000d5ec8000,0x00000000d5f00000)
  to   space 3072K, 0% used [0x00000000d5900000,0x00000000d5900000,0x00000000d5c00000)
 ParOldGen       total 1158656K, used 1158506K [0x0000000080000000, 0x00000000c6b80000, 0x00000000d5580000)
  object space 1158656K, 99% used [0x0000000080000000,0x00000000c6b5a958,0x00000000c6b80000)
 Metaspace       used 74262K, committed 75840K, reserved 1179648K
  class space    used 7862K, committed 8576K, reserved 1048576K
}
Event: 1662.980 GC heap after
{Heap after GC invocations=1738 (full 3):
 PSYoungGen      total 5632K, used 2224K [0x00000000d5580000, 0x00000000d5d80000, 0x0000000100000000)
  eden space 3072K, 0% used [0x00000000d5580000,0x00000000d5580000,0x00000000d5880000)
  from space 2560K, 86% used [0x00000000d5900000,0x00000000d5b2c010,0x00000000d5b80000)
  to   space 2048K, 0% used [0x00000000d5b80000,0x00000000d5b80000,0x00000000d5d80000)
 ParOldGen       total 1161216K, used 1160779K [0x0000000080000000, 0x00000000c6e00000, 0x00000000d5580000)
  object space 1161216K, 99% used [0x0000000080000000,0x00000000c6d92ff8,0x00000000c6e00000)
 Metaspace       used 74262K, committed 75840K, reserved 1179648K
  class space    used 7862K, committed 8576K, reserved 1048576K
}
Event: 1663.719 GC heap before
{Heap before GC invocations=1739 (full 3):
 PSYoungGen      total 5632K, used 5296K [0x00000000d5580000, 0x00000000d5d80000, 0x0000000100000000)
  eden space 3072K, 100% used [0x00000000d5580000,0x00000000d5880000,0x00000000d5880000)
  from space 2560K, 86% used [0x00000000d5900000,0x00000000d5b2c010,0x00000000d5b80000)
  to   space 2048K, 0% used [0x00000000d5b80000,0x00000000d5b80000,0x00000000d5d80000)
 ParOldGen       total 1161216K, used 1160779K [0x0000000080000000, 0x00000000c6e00000, 0x00000000d5580000)
  object space 1161216K, 99% used [0x0000000080000000,0x00000000c6d92ff8,0x00000000c6e00000)
 Metaspace       used 74288K, committed 75904K, reserved 1179648K
  class space    used 7866K, committed 8576K, reserved 1048576K
}
Event: 1663.728 GC heap after
{Heap after GC invocations=1739 (full 3):
 PSYoungGen      total 3584K, used 411K [0x00000000d5580000, 0x00000000d5c00000, 0x0000000100000000)
  eden space 3072K, 0% used [0x00000000d5580000,0x00000000d5580000,0x00000000d5880000)
  from space 512K, 80% used [0x00000000d5b80000,0x00000000d5be6ee8,0x00000000d5c00000)
  to   space 1536K, 0% used [0x00000000d5900000,0x00000000d5900000,0x00000000d5a80000)
 ParOldGen       total 1163264K, used 1162885K [0x0000000080000000, 0x00000000c7000000, 0x00000000d5580000)
  object space 1163264K, 99% used [0x0000000080000000,0x00000000c6fa14d0,0x00000000c7000000)
 Metaspace       used 74288K, committed 75904K, reserved 1179648K
  class space    used 7866K, committed 8576K, reserved 1048576K
}
Event: 1664.372 GC heap before
{Heap before GC invocations=1740 (full 3):
 PSYoungGen      total 3584K, used 3483K [0x00000000d5580000, 0x00000000d5c00000, 0x0000000100000000)
  eden space 3072K, 100% used [0x00000000d5580000,0x00000000d5880000,0x00000000d5880000)
  from space 512K, 80% used [0x00000000d5b80000,0x00000000d5be6ee8,0x00000000d5c00000)
  to   space 1536K, 0% used [0x00000000d5900000,0x00000000d5900000,0x00000000d5a80000)
 ParOldGen       total 1163264K, used 1162885K [0x0000000080000000, 0x00000000c7000000, 0x00000000d5580000)
  object space 1163264K, 99% used [0x0000000080000000,0x00000000c6fa14d0,0x00000000c7000000)
 Metaspace       used 74288K, committed 75904K, reserved 1179648K
  class space    used 7866K, committed 8576K, reserved 1048576K
}
Event: 1664.384 GC heap after
{Heap after GC invocations=1740 (full 3):
 PSYoungGen      total 4608K, used 96K [0x00000000d5580000, 0x00000000d5c00000, 0x0000000100000000)
  eden space 3072K, 0% used [0x00000000d5580000,0x00000000d5580000,0x00000000d5880000)
  from space 1536K, 6% used [0x00000000d5900000,0x00000000d5918000,0x00000000d5a80000)
  to   space 512K, 0% used [0x00000000d5b80000,0x00000000d5b80000,0x00000000d5c00000)
 ParOldGen       total 1163264K, used 1163077K [0x0000000080000000, 0x00000000c7000000, 0x00000000d5580000)
  object space 1163264K, 99% used [0x0000000080000000,0x00000000c6fd14f0,0x00000000c7000000)
 Metaspace       used 74288K, committed 75904K, reserved 1179648K
  class space    used 7866K, committed 8576K, reserved 1048576K
}
Event: 2503.827 GC heap before
{Heap before GC invocations=1741 (full 3):
 PSYoungGen      total 4608K, used 3168K [0x00000000d5580000, 0x00000000d5c00000, 0x0000000100000000)
  eden space 3072K, 100% used [0x00000000d5580000,0x00000000d5880000,0x00000000d5880000)
  from space 1536K, 6% used [0x00000000d5900000,0x00000000d5918000,0x00000000d5a80000)
  to   space 512K, 0% used [0x00000000d5b80000,0x00000000d5b80000,0x00000000d5c00000)
 ParOldGen       total 1163264K, used 1163077K [0x0000000080000000, 0x00000000c7000000, 0x00000000d5580000)
  object space 1163264K, 99% used [0x0000000080000000,0x00000000c6fd14f0,0x00000000c7000000)
 Metaspace       used 74322K, committed 75904K, reserved 1179648K
  class space    used 7866K, committed 8576K, reserved 1048576K
}
Event: 2504.737 GC heap after
{Heap after GC invocations=1741 (full 3):
 PSYoungGen      total 3584K, used 160K [0x00000000d5580000, 0x00000000d5c00000, 0x0000000100000000)
  eden space 3072K, 0% used [0x00000000d5580000,0x00000000d5580000,0x00000000d5880000)
  from space 512K, 31% used [0x00000000d5b80000,0x00000000d5ba8000,0x00000000d5c00000)
  to   space 512K, 0% used [0x00000000d5b00000,0x00000000d5b00000,0x00000000d5b80000)
 ParOldGen       total 1163264K, used 1163101K [0x0000000080000000, 0x00000000c7000000, 0x00000000d5580000)
  object space 1163264K, 99% used [0x0000000080000000,0x00000000c6fd74f0,0x00000000c7000000)
 Metaspace       used 74322K, committed 75904K, reserved 1179648K
  class space    used 7866K, committed 8576K, reserved 1048576K
}
Event: 3844.357 GC heap before
{Heap before GC invocations=1742 (full 3):
 PSYoungGen      total 3584K, used 3232K [0x00000000d5580000, 0x00000000d5c00000, 0x0000000100000000)
  eden space 3072K, 100% used [0x00000000d5580000,0x00000000d5880000,0x00000000d5880000)
  from space 512K, 31% used [0x00000000d5b80000,0x00000000d5ba8000,0x00000000d5c00000)
  to   space 512K, 0% used [0x00000000d5b00000,0x00000000d5b00000,0x00000000d5b80000)
 ParOldGen       total 1163264K, used 1163101K [0x0000000080000000, 0x00000000c7000000, 0x00000000d5580000)
  object space 1163264K, 99% used [0x0000000080000000,0x00000000c6fd74f0,0x00000000c7000000)
 Metaspace       used 74350K, committed 75904K, reserved 1179648K
  class space    used 7866K, committed 8576K, reserved 1048576K
}
Event: 3845.278 GC heap after
{Heap after GC invocations=1742 (full 3):
 PSYoungGen      total 3584K, used 96K [0x00000000d5580000, 0x00000000d5c00000, 0x0000000100000000)
  eden space 3072K, 0% used [0x00000000d5580000,0x00000000d5580000,0x00000000d5880000)
  from space 512K, 18% used [0x00000000d5b00000,0x00000000d5b18000,0x00000000d5b80000)
  to   space 512K, 0% used [0x00000000d5b80000,0x00000000d5b80000,0x00000000d5c00000)
 ParOldGen       total 1163264K, used 1163157K [0x0000000080000000, 0x00000000c7000000, 0x00000000d5580000)
  object space 1163264K, 99% used [0x0000000080000000,0x00000000c6fe54f0,0x00000000c7000000)
 Metaspace       used 74350K, committed 75904K, reserved 1179648K
  class space    used 7866K, committed 8576K, reserved 1048576K
}
Event: 5467.243 GC heap before
{Heap before GC invocations=1743 (full 3):
 PSYoungGen      total 3584K, used 3168K [0x00000000d5580000, 0x00000000d5c00000, 0x0000000100000000)
  eden space 3072K, 100% used [0x00000000d5580000,0x00000000d5880000,0x00000000d5880000)
  from space 512K, 18% used [0x00000000d5b00000,0x00000000d5b18000,0x00000000d5b80000)
  to   space 512K, 0% used [0x00000000d5b80000,0x00000000d5b80000,0x00000000d5c00000)
 ParOldGen       total 1163264K, used 1163157K [0x0000000080000000, 0x00000000c7000000, 0x00000000d5580000)
  object space 1163264K, 99% used [0x0000000080000000,0x00000000c6fe54f0,0x00000000c7000000)
 Metaspace       used 74357K, committed 75904K, reserved 1179648K
  class space    used 7866K, committed 8576K, reserved 1048576K
}
Event: 5468.472 GC heap after
{Heap after GC invocations=1743 (full 3):
 PSYoungGen      total 3584K, used 96K [0x00000000d5580000, 0x00000000d5c00000, 0x0000000100000000)
  eden space 3072K, 0% used [0x00000000d5580000,0x00000000d5580000,0x00000000d5880000)
  from space 512K, 18% used [0x00000000d5b80000,0x00000000d5b98000,0x00000000d5c00000)
  to   space 512K, 0% used [0x00000000d5b00000,0x00000000d5b00000,0x00000000d5b80000)
 ParOldGen       total 1163264K, used 1163173K [0x0000000080000000, 0x00000000c7000000, 0x00000000d5580000)
  object space 1163264K, 99% used [0x0000000080000000,0x00000000c6fe94f0,0x00000000c7000000)
 Metaspace       used 74357K, committed 75904K, reserved 1179648K
  class space    used 7866K, committed 8576K, reserved 1048576K
}

